mode: set
flexeracode/services/license/app-init.go:19.61,21.2 1 0
flexeracode/services/license/license-counter.go:12.100,14.25 1 0
flexeracode/services/license/license-counter.go:18.2,18.77 1 0
flexeracode/services/license/license-counter.go:14.25,16.3 1 0
flexeracode/services/license/license-counter.go:22.104,27.31 2 1
flexeracode/services/license/license-counter.go:35.2,43.12 5 1
flexeracode/services/license/license-counter.go:53.2,54.17 2 1
flexeracode/services/license/license-counter.go:27.31,30.17 2 1
flexeracode/services/license/license-counter.go:33.3,33.101 1 1
flexeracode/services/license/license-counter.go:30.17,32.4 1 1
flexeracode/services/license/license-counter.go:43.12,44.7 1 1
flexeracode/services/license/license-counter.go:44.7,47.16 3 1
flexeracode/services/license/license-counter.go:47.16,50.5 2 1
flexeracode/services/license/license-counter.go:58.103,60.12 2 1
flexeracode/services/license/license-counter.go:83.2,83.12 1 1
flexeracode/services/license/license-counter.go:60.12,61.41 1 1
flexeracode/services/license/license-counter.go:81.3,81.13 1 1
flexeracode/services/license/license-counter.go:61.41,66.34 3 1
flexeracode/services/license/license-counter.go:76.4,76.40 1 1
flexeracode/services/license/license-counter.go:79.4,79.25 1 1
flexeracode/services/license/license-counter.go:66.34,69.24 3 1
flexeracode/services/license/license-counter.go:70.18,71.28 1 1
flexeracode/services/license/license-counter.go:72.13,73.27 1 1
flexeracode/services/license/license-counter.go:76.40,78.5 1 1
flexeracode/fileaccess/data-access.go:13.51,15.16 2 1
flexeracode/fileaccess/data-access.go:19.2,19.33 1 1
flexeracode/fileaccess/data-access.go:15.16,18.3 2 1
flexeracode/fileaccess/data-access.go:23.113,25.24 1 1
flexeracode/fileaccess/data-access.go:28.2,33.37 1 1
flexeracode/fileaccess/data-access.go:25.24,27.3 1 1
flexeracode/fileaccess/data-access.go:37.45,39.16 2 1
flexeracode/fileaccess/data-access.go:42.2,44.12 3 1
flexeracode/fileaccess/data-access.go:39.16,41.3 1 1
flexeracode/fileaccess/data-access.go:48.75,50.2 1 1
flexeracode/fileaccess/data-access.go:52.35,54.2 1 0
flexeracode/fileaccess/data-access.go:57.82,62.43 2 0
flexeracode/fileaccess/data-access.go:86.2,86.21 1 0
flexeracode/fileaccess/data-access.go:62.43,67.17 3 0
flexeracode/fileaccess/data-access.go:73.3,74.18 2 0
flexeracode/fileaccess/data-access.go:80.3,80.44 1 0
flexeracode/fileaccess/data-access.go:83.3,83.19 1 0
flexeracode/fileaccess/data-access.go:67.17,71.4 3 0
flexeracode/fileaccess/data-access.go:74.18,75.35 1 0
flexeracode/fileaccess/data-access.go:78.4,78.28 1 0
flexeracode/fileaccess/data-access.go:75.35,77.5 1 0
flexeracode/fileaccess/data-access.go:80.44,82.4 1 0
flexeracode/fileaccess/access-init.go:23.39,25.2 1 0
